2021-11-23 19:58:38 INFO  Version:44 - HHH000412: Hibernate ORM core version 5.6.0.Final
2021-11-23 19:58:39 INFO  Version:56 - HCANN000001: Hibernate Commons Annotations {5.1.2.Final}
2021-11-23 19:58:39 WARN  pooling:72 - HHH10001002: Using Hibernate built-in connection pool (not for production use!)
2021-11-23 19:58:39 INFO  pooling:115 - HHH10001005: using driver [org.postgresql.Driver] at URL [jdbc:postgresql://revature.cij55pbg7b6s.us-east-2.rds.amazonaws.com/postgres]
2021-11-23 19:58:39 INFO  pooling:124 - HHH10001001: Connection properties: {password=****, user=postgres}
2021-11-23 19:58:39 INFO  pooling:129 - HHH10001003: Autocommit mode: false
2021-11-23 19:58:39 INFO  DriverManagerConnectionProviderImpl:274 - HHH000115: Hibernate connection pool size: 20 (min=1)
2021-11-23 19:58:40 INFO  Dialect:175 - HHH000400: Using dialect: org.hibernate.dialect.PostgreSQLDialect
2021-11-23 19:58:40 INFO  access:48 - HHH10001501: Connection obtained from JdbcConnectionAccess [org.hibernate.engine.jdbc.env.internal.JdbcEnvironmentInitiator$ConnectionProviderJdbcConnectionAccess@12a2585b] for (non-JTA) DDL execution was not in auto-commit mode; the Connection 'local transaction' will be committed and the Connection will be set into auto-commit mode.
2021-11-23 19:58:41 INFO  log:170 - Logging initialized @2653ms to org.eclipse.jetty.util.log.Slf4jLog
2021-11-23 19:58:41 INFO  Javalin:15 - Static file handler added: StaticFileConfig(hostedPath=/, directory=/public, location=CLASSPATH, precompress=false, aliasCheck=null, headers={Cache-Control=max-age=0}, skipFileFunction=Function1<javax.servlet.http.HttpServletRequest, java.lang.Boolean>). File system location: 'file:///C:/Users/krisj/Downloads/project1-main/project1-main/target/classes/public/'
2021-11-23 19:58:41 INFO  Javalin:15 - 
       __                      __ _            __ __
      / /____ _ _   __ ____ _ / /(_)____      / // /
 __  / // __ `/| | / // __ `// // // __ \    / // /_
/ /_/ // /_/ / | |/ // /_/ // // // / / /   /__  __/
\____/ \__,_/  |___/ \__,_//_//_//_/ /_/      /_/

          https://javalin.io/documentation

2021-11-23 19:58:41 INFO  Javalin:15 - Starting Javalin ...
2021-11-23 19:58:41 INFO  Javalin:15 - You are running Javalin 4.1.1 (released October 10, 2021).
2021-11-23 19:58:41 INFO  Javalin:15 - Listening on http://localhost:7777/
2021-11-23 19:58:41 INFO  Javalin:15 - Javalin started in 144ms \o/
2021-11-23 20:03:58 INFO  AppMain:41 - User trying to login with userId: tom
2021-11-23 20:03:58 DEBUG AppMain:42 - XX User trying to login with userId: tom
2021-11-23 20:03:58 INFO  AppMain:58 - userId: tom password: cool
2021-11-23 20:04:10 INFO  AppMain:73 - description: food Amount: 100.0
2021-11-23 20:04:37 INFO  AppMain:41 - User trying to login with userId: kris
2021-11-23 20:04:37 DEBUG AppMain:42 - XX User trying to login with userId: kris
2021-11-23 20:04:37 INFO  AppMain:58 - userId: kris password: revature
2021-11-23 20:11:42 INFO  Version:44 - HHH000412: Hibernate ORM core version 5.6.0.Final
2021-11-23 20:11:42 INFO  Version:56 - HCANN000001: Hibernate Commons Annotations {5.1.2.Final}
2021-11-23 20:11:42 WARN  pooling:72 - HHH10001002: Using Hibernate built-in connection pool (not for production use!)
2021-11-23 20:11:42 INFO  pooling:115 - HHH10001005: using driver [org.postgresql.Driver] at URL [jdbc:postgresql://revature.cij55pbg7b6s.us-east-2.rds.amazonaws.com/postgres]
2021-11-23 20:11:42 INFO  pooling:124 - HHH10001001: Connection properties: {password=****, user=postgres}
2021-11-23 20:11:42 INFO  pooling:129 - HHH10001003: Autocommit mode: false
2021-11-23 20:11:42 INFO  DriverManagerConnectionProviderImpl:274 - HHH000115: Hibernate connection pool size: 20 (min=1)
2021-11-23 20:11:43 INFO  Dialect:175 - HHH000400: Using dialect: org.hibernate.dialect.PostgreSQLDialect
2021-11-23 20:11:44 INFO  access:48 - HHH10001501: Connection obtained from JdbcConnectionAccess [org.hibernate.engine.jdbc.env.internal.JdbcEnvironmentInitiator$ConnectionProviderJdbcConnectionAccess@753fd7a1] for (non-JTA) DDL execution was not in auto-commit mode; the Connection 'local transaction' will be committed and the Connection will be set into auto-commit mode.
2021-11-23 20:11:44 INFO  log:170 - Logging initialized @2438ms to org.eclipse.jetty.util.log.Slf4jLog
2021-11-23 20:11:44 INFO  Javalin:15 - Static file handler added: StaticFileConfig(hostedPath=/, directory=/public, location=CLASSPATH, precompress=false, aliasCheck=null, headers={Cache-Control=max-age=0}, skipFileFunction=Function1<javax.servlet.http.HttpServletRequest, java.lang.Boolean>). File system location: 'file:///C:/Users/krisj/Downloads/project1-main/project1-main/target/classes/public/'
2021-11-23 20:11:44 INFO  Javalin:15 - 
       __                      __ _            __ __
      / /____ _ _   __ ____ _ / /(_)____      / // /
 __  / // __ `/| | / // __ `// // // __ \    / // /_
/ /_/ // /_/ / | |/ // /_/ // // // / / /   /__  __/
\____/ \__,_/  |___/ \__,_//_//_//_/ /_/      /_/

          https://javalin.io/documentation

2021-11-23 20:11:44 INFO  Javalin:15 - Starting Javalin ...
2021-11-23 20:11:44 INFO  Javalin:15 - You are running Javalin 4.1.1 (released October 10, 2021).
2021-11-23 20:11:44 INFO  Javalin:15 - Listening on http://localhost:7777/
2021-11-23 20:11:44 INFO  Javalin:15 - Javalin started in 141ms \o/
2021-11-23 20:14:11 INFO  AppMain:41 - User trying to login with userId: kris
2021-11-23 20:14:11 DEBUG AppMain:42 - XX User trying to login with userId: kris
2021-11-23 20:14:11 INFO  AppMain:58 - userId: kris password: revature
2021-11-23 20:14:30 INFO  AppMain:41 - User trying to login with userId: tom
2021-11-23 20:14:30 DEBUG AppMain:42 - XX User trying to login with userId: tom
2021-11-23 20:14:30 INFO  AppMain:58 - userId: tom password: revature
2021-11-23 20:14:37 INFO  AppMain:41 - User trying to login with userId: tom
2021-11-23 20:14:37 DEBUG AppMain:42 - XX User trying to login with userId: tom
2021-11-23 20:14:38 INFO  AppMain:58 - userId: tom password: cool
2021-11-23 20:25:28 INFO  AppMain:41 - User trying to login with userId: kris
2021-11-23 20:25:28 DEBUG AppMain:42 - XX User trying to login with userId: kris
2021-11-23 20:25:28 INFO  AppMain:58 - userId: kris password: revature
2021-11-23 20:30:51 INFO  AppMain:41 - User trying to login with userId: tom
2021-11-23 20:30:51 DEBUG AppMain:42 - XX User trying to login with userId: tom
2021-11-23 20:30:51 INFO  AppMain:58 - userId: tom password: cool
2021-11-23 20:45:06 INFO  AppMain:73 - description: travel Amount: 500.0
2021-11-23 20:45:25 INFO  AppMain:41 - User trying to login with userId: kris
2021-11-23 20:45:25 DEBUG AppMain:42 - XX User trying to login with userId: kris
2021-11-23 20:45:25 INFO  AppMain:58 - userId: kris password: revature
2021-11-23 21:06:45 INFO  AppMain:41 - User trying to login with userId: tom
2021-11-23 21:06:45 DEBUG AppMain:42 - XX User trying to login with userId: tom
2021-11-23 21:06:45 INFO  AppMain:58 - userId: tom password: cool
2021-11-23 21:07:10 WARN  Javalin:20 - Uncaught exception
java.lang.NumberFormatException: For input string: "25$"
	at java.base/jdk.internal.math.FloatingDecimal.readJavaFormatString(FloatingDecimal.java:2054)
	at java.base/jdk.internal.math.FloatingDecimal.parseDouble(FloatingDecimal.java:110)
	at java.base/java.lang.Double.parseDouble(Double.java:556)
	at java.base/java.lang.Double.valueOf(Double.java:519)
	at com.revature.main.AppMain.lambda$3(AppMain.java:68)
	at io.javalin.core.security.SecurityUtil.noopAccessManager(SecurityUtil.kt:20)
	at io.javalin.http.JavalinServlet.addHandler$lambda-5(JavalinServlet.kt:113)
	at io.javalin.http.JavalinServlet$service$tryBeforeAndEndpointHandlers$1.invoke(JavalinServlet.kt:44)
	at io.javalin.http.JavalinServlet$service$tryBeforeAndEndpointHandlers$1.invoke(JavalinServlet.kt:39)
	at io.javalin.http.JavalinServlet.service$tryWithExceptionMapper(JavalinServlet.kt:129)
	at io.javalin.http.JavalinServlet.service$tryBeforeAndEndpointHandlers(JavalinServlet.kt:39)
	at io.javalin.http.JavalinServlet.service(JavalinServlet.kt:87)
	at javax.servlet.http.HttpServlet.service(HttpServlet.java:790)
	at io.javalin.jetty.JavalinJettyServlet.service(JavalinJettyServlet.kt:58)
	at javax.servlet.http.HttpServlet.service(HttpServlet.java:790)
	at org.eclipse.jetty.servlet.ServletHolder.handle(ServletHolder.java:799)
	at org.eclipse.jetty.servlet.ServletHandler.doHandle(ServletHandler.java:550)
	at org.eclipse.jetty.server.handler.ScopedHandler.nextHandle(ScopedHandler.java:233)
	at org.eclipse.jetty.server.session.SessionHandler.doHandle(SessionHandler.java:1624)
	at org.eclipse.jetty.server.handler.ScopedHandler.nextHandle(ScopedHandler.java:233)
	at io.javalin.jetty.JettyServer$start$wsAndHttpHandler$1.doHandle(JettyServer.kt:52)
	at org.eclipse.jetty.server.handler.ScopedHandler.nextScope(ScopedHandler.java:188)
	at org.eclipse.jetty.servlet.ServletHandler.doScope(ServletHandler.java:501)
	at org.eclipse.jetty.server.session.SessionHandler.doScope(SessionHandler.java:1594)
	at org.eclipse.jetty.server.handler.ScopedHandler.nextScope(ScopedHandler.java:186)
	at org.eclipse.jetty.server.handler.ContextHandler.doScope(ContextHandler.java:1349)
	at org.eclipse.jetty.server.handler.ScopedHandler.handle(ScopedHandler.java:141)
	at org.eclipse.jetty.server.handler.StatisticsHandler.handle(StatisticsHandler.java:179)
	at org.eclipse.jetty.server.handler.HandlerWrapper.handle(HandlerWrapper.java:127)
	at org.eclipse.jetty.server.Server.handle(Server.java:516)
	at org.eclipse.jetty.server.HttpChannel.lambda$handle$1(HttpChannel.java:400)
	at org.eclipse.jetty.server.HttpChannel.dispatch(HttpChannel.java:645)
	at org.eclipse.jetty.server.HttpChannel.handle(HttpChannel.java:392)
	at org.eclipse.jetty.server.HttpConnection.onFillable(HttpConnection.java:277)
	at org.eclipse.jetty.io.AbstractConnection$ReadCallback.succeeded(AbstractConnection.java:311)
	at org.eclipse.jetty.io.FillInterest.fillable(FillInterest.java:105)
	at org.eclipse.jetty.io.ChannelEndPoint$1.run(ChannelEndPoint.java:104)
	at org.eclipse.jetty.util.thread.strategy.EatWhatYouKill.runTask(EatWhatYouKill.java:338)
	at org.eclipse.jetty.util.thread.strategy.EatWhatYouKill.doProduce(EatWhatYouKill.java:315)
	at org.eclipse.jetty.util.thread.strategy.EatWhatYouKill.tryProduce(EatWhatYouKill.java:173)
	at org.eclipse.jetty.util.thread.strategy.EatWhatYouKill.run(EatWhatYouKill.java:131)
	at org.eclipse.jetty.util.thread.ReservedThreadExecutor$ReservedThread.run(ReservedThreadExecutor.java:409)
	at org.eclipse.jetty.util.thread.QueuedThreadPool.runJob(QueuedThreadPool.java:883)
	at org.eclipse.jetty.util.thread.QueuedThreadPool$Runner.run(QueuedThreadPool.java:1034)
	at java.base/java.lang.Thread.run(Thread.java:831)
2021-11-23 21:07:15 INFO  AppMain:73 - description: gas Amount: 25.0
2021-11-23 21:07:57 INFO  AppMain:41 - User trying to login with userId: kris
2021-11-23 21:07:57 DEBUG AppMain:42 - XX User trying to login with userId: kris
2021-11-23 21:07:57 INFO  AppMain:58 - userId: kris password: revature
